Started GET "/current/articles" for ::1 at 2024-11-28 22:22:11 +0900
  [1m[35m (5.7ms)[0m  [1m[35mCREATE TABLE "schema_migrations" ("version" varchar NOT NULL PRIMARY KEY)[0m
  [1m[35m (0.5ms)[0m  [1m[35mCREATE TABLE "ar_internal_metadata" ("key" varchar NOT NULL PRIMARY KEY, "value" varchar, "created_at" datetime(6) NOT NULL, "updated_at" datetime(6) NOT NULL)[0m
  [1m[36mActiveRecord::SchemaMigration Load (0.1ms)[0m  [1m[34mSELECT "schema_migrations"."version" FROM "schema_migrations" ORDER BY "schema_migrations"."version" ASC[0m
  
ActionController::RoutingError (No route matches [GET] "/current/articles"):
  
Started GET "/favicon.ico" for ::1 at 2024-11-28 22:22:12 +0900
  
ActionController::RoutingError (No route matches [GET] "/favicon.ico"):
  
Started GET "/" for ::1 at 2024-11-28 22:22:12 +0900
Processing by Rails::WelcomeController#index as HTML
  Rendering C:/Users/iamto/.local/share/gem/ruby/3.3.0/gems/railties-7.2.2/lib/rails/templates/rails/welcome/index.html.erb
  Rendered C:/Users/iamto/.local/share/gem/ruby/3.3.0/gems/railties-7.2.2/lib/rails/templates/rails/welcome/index.html.erb (Duration: 1.6ms | GC: 0.0ms)
Completed 200 OK in 40ms (Views: 3.9ms | ActiveRecord: 0.0ms (0 queries, 0 cached) | GC: 0.0ms)


Started GET "/icon.png" for ::1 at 2024-11-28 22:22:13 +0900
  
ActionController::RoutingError (No route matches [GET] "/icon.png"):
  
  [1m[36mActiveRecord::InternalMetadata Load (0.6ms)[0m  [1m[34mSELECT * FROM "ar_internal_metadata" WHERE "ar_internal_metadata"."key" = ? ORDER BY "ar_internal_metadata"."key" ASC LIMIT 1[0m  [[nil, "environment"]]
  [1m[36mActiveRecord::InternalMetadata Create (5.8ms)[0m  [1m[32mINSERT INTO "ar_internal_metadata" ("key", "value", "created_at", "updated_at") VALUES ('environment', 'development', '2024-11-28 13:24:28.680343', '2024-11-28 13:24:28.680347') RETURNING "key"[0m
  [1m[36mActiveRecord::SchemaMigration Load (0.3ms)[0m  [1m[34mSELECT "schema_migrations"."version" FROM "schema_migrations" ORDER BY "schema_migrations"."version" ASC[0m
Migrating to CreatePosts (20241128132353)
  [1m[36mTRANSACTION (0.1ms)[0m  [1m[36mbegin transaction[0m
  [1m[35m (2.4ms)[0m  [1m[35mCREATE TABLE "posts" ("id" integer PRIMARY KEY AUTOINCREMENT NOT NULL, "title" varchar, "content" text, "created_at" datetime(6) NOT NULL, "updated_at" datetime(6) NOT NULL)[0m
  [1m[36mActiveRecord::SchemaMigration Create (0.2ms)[0m  [1m[32mINSERT INTO "schema_migrations" ("version") VALUES ('20241128132353') RETURNING "version"[0m
  [1m[36mTRANSACTION (0.2ms)[0m  [1m[36mcommit transaction[0m
  [1m[36mActiveRecord::SchemaMigration Load (0.1ms)[0m  [1m[34mSELECT "schema_migrations"."version" FROM "schema_migrations" ORDER BY "schema_migrations"."version" ASC[0m
Started POST "/api/v1/posts" for 127.0.0.1 at 2024-12-01 23:36:59 +0900
  [1m[36mActiveRecord::SchemaMigration Load (0.1ms)[0m  [1m[34mSELECT "schema_migrations"."version" FROM "schema_migrations" ORDER BY "schema_migrations"."version" ASC[0m
  
SyntaxError (C:/Users/iamto/environment/blog/blog/app/controllers/api/v1/posts_controller.rb:32: syntax error, unexpected end-of-input, expecting `end' or dummy end
  end
     ^
):
  
app/controllers/api/v1/posts_controller.rb:32: syntax error, unexpected end-of-input, expecting `end' or dummy end
Error occurred while parsing request parameters.
Contents:

{
  "title": "ã¯ã˜ã‚ã¦ã®æŠ•ç¨¿"
  "content": "ã¯ã˜ã‚ã¦ã®æŠ•ç¨¿"
}
Started POST "/api/v1/posts" for 127.0.0.1 at 2024-12-01 23:40:46 +0900
  [1m[36mActiveRecord::SchemaMigration Load (0.2ms)[0m  [1m[34mSELECT "schema_migrations"."version" FROM "schema_migrations" ORDER BY "schema_migrations"."version" ASC[0m
Error occurred while parsing request parameters.
Contents:

{
  "title": "ã¯ã˜ã‚ã¦ã®æŠ•ç¨¿"
  "content": "ã¯ã˜ã‚ã¦ã®æŠ•ç¨¿"
}
Processing by Api::V1::PostsController#create as */*
Completed 400 Bad Request in 112ms (ActiveRecord: 0.0ms (0 queries, 0 cached) | GC: 0.0ms)


  
ActionDispatch::Http::Parameters::ParseError (Error occurred while parsing request parameters):

Causes:
JSON::ParserError (unexpected token at '{
  "title": "ã¯ã˜ã‚ã¦ã®æŠ•')
  
app/controllers/api/v1/posts_controller.rb:31:in `post_params'
app/controllers/api/v1/posts_controller.rb:19:in `create'
Started POST "/api/v1/posts" for 127.0.0.1 at 2024-12-01 23:41:34 +0900
Processing by Api::V1::PostsController#create as */*
  Parameters: {"title"=>"ã¯ã˜ã‚ã¦ã®æŠ•ç¨¿", "content"=>"ã¯ã˜ã‚ã¦ã®æŠ•ç¨¿", "post"=>{"title"=>"ã¯ã˜ã‚ã¦ã®æŠ•ç¨¿", "content"=>"ã¯ã˜ã‚ã¦ã®æŠ•ç¨¿"}}
Completed 204 No Content in 5ms (ActiveRecord: 3.9ms (0 queries, 0 cached) | GC: 0.0ms)


Started POST "/api/v1/posts" for 127.0.0.1 at 2024-12-01 23:41:49 +0900
Processing by Api::V1::PostsController#create as */*
  Parameters: {"title"=>"ã¯ã˜ã‚ã¦ã®æŠ•ç¨¿", "content"=>"ã¯ã˜ã‚ã¦ã®æŠ•ç¨¿", "post"=>{"title"=>"ã¯ã˜ã‚ã¦ã®æŠ•ç¨¿", "content"=>"ã¯ã˜ã‚ã¦ã®æŠ•ç¨¿"}}
Completed 204 No Content in 0ms (ActiveRecord: 0.0ms (0 queries, 0 cached) | GC: 0.0ms)


Started POST "/api/v1/posts" for 127.0.0.1 at 2024-12-01 23:42:25 +0900
  [1m[36mActiveRecord::SchemaMigration Load (0.2ms)[0m  [1m[34mSELECT "schema_migrations"."version" FROM "schema_migrations" ORDER BY "schema_migrations"."version" ASC[0m
Processing by Api::V1::PostsController#create as */*
  Parameters: {"title"=>"ã¯ã˜ã‚ã¦ã®æŠ•ç¨¿", "content"=>"ã¯ã˜ã‚ã¦ã®æŠ•ç¨¿", "post"=>{"title"=>"ã¯ã˜ã‚ã¦ã®æŠ•ç¨¿", "content"=>"ã¯ã˜ã‚ã¦ã®æŠ•ç¨¿"}}
Completed 204 No Content in 19ms (ActiveRecord: 1.9ms (0 queries, 0 cached) | GC: 0.0ms)


Started POST "/api/v1/posts" for 127.0.0.1 at 2024-12-01 23:45:49 +0900
Processing by Api::V1::PostsController#create as */*
  Parameters: {"title"=>"ã¯ã˜ã‚ã¦ã®æŠ•ç¨¿", "content"=>"ã¯ã˜ã‚ã¦ã®æŠ•ç¨¿", "post"=>{"title"=>"ã¯ã˜ã‚ã¦ã®æŠ•ç¨¿", "content"=>"ã¯ã˜ã‚ã¦ã®æŠ•ç¨¿"}}
  [1m[36mTRANSACTION (0.1ms)[0m  [1m[36mbegin transaction[0m
  â†³ app/controllers/api/v1/posts_controller.rb:20:in `create'
  [1m[36mPost Create (3.3ms)[0m  [1m[32mINSERT INTO "posts" ("title", "content", "created_at", "updated_at") VALUES (?, ?, ?, ?) RETURNING "id"[0m  [["title", "ã¯ã˜ã‚ã¦ã®æŠ•ç¨¿"], ["content", "ã¯ã˜ã‚ã¦ã®æŠ•ç¨¿"], ["created_at", "2024-12-01 14:45:49.459350"], ["updated_at", "2024-12-01 14:45:49.459350"]]
  â†³ app/controllers/api/v1/posts_controller.rb:20:in `create'
  [1m[36mTRANSACTION (4.9ms)[0m  [1m[36mcommit transaction[0m
  â†³ app/controllers/api/v1/posts_controller.rb:20:in `create'
Completed 201 Created in 17ms (Views: 0.7ms | ActiveRecord: 10.3ms (1 query, 0 cached) | GC: 0.0ms)


Started POST "/api/v1/posts" for 127.0.0.1 at 2024-12-01 23:51:45 +0900
  [1m[36mActiveRecord::SchemaMigration Load (0.2ms)[0m  [1m[34mSELECT "schema_migrations"."version" FROM "schema_migrations" ORDER BY "schema_migrations"."version" ASC[0m
Processing by Api::V1::PostsController#create as */*
  Parameters: {"title"=>"ã¯ã˜ã‚ã¦ã®æŠ•ç¨¿", "content"=>"ã¯ã˜ã‚ã¦ã®æŠ•ç¨¿", "post"=>{"title"=>"ã¯ã˜ã‚ã¦ã®æŠ•ç¨¿", "content"=>"ã¯ã˜ã‚ã¦ã®æŠ•ç¨¿"}}
  [1m[36mTRANSACTION (0.1ms)[0m  [1m[36mbegin transaction[0m
  â†³ app/controllers/api/v1/posts_controller.rb:20:in `create'
  [1m[36mPost Create (3.9ms)[0m  [1m[32mINSERT INTO "posts" ("title", "content", "created_at", "updated_at") VALUES (?, ?, ?, ?) RETURNING "id"[0m  [["title", "ã¯ã˜ã‚ã¦ã®æŠ•ç¨¿"], ["content", "ã¯ã˜ã‚ã¦ã®æŠ•ç¨¿"], ["created_at", "2024-12-01 14:51:46.849508"], ["updated_at", "2024-12-01 14:51:46.849508"]]
  â†³ app/controllers/api/v1/posts_controller.rb:20:in `create'
  [1m[36mTRANSACTION (5.4ms)[0m  [1m[36mcommit transaction[0m
  â†³ app/controllers/api/v1/posts_controller.rb:20:in `create'
Completed 201 Created in 93ms (Views: 0.9ms | ActiveRecord: 12.4ms (1 query, 0 cached) | GC: 0.0ms)


Started POST "/api/v1/posts" for 127.0.0.1 at 2024-12-02 00:27:55 +0900
  [1m[36mActiveRecord::SchemaMigration Load (0.3ms)[0m  [1m[34mSELECT "schema_migrations"."version" FROM "schema_migrations" ORDER BY "schema_migrations"."version" ASC[0m
Processing by Api::V1::PostsController#create as */*
  Parameters: {"title"=>"ã¯ã˜ã‚ã¦ã®æŠ•ç¨¿", "content"=>"ã¯ã˜ã‚ã¦ã®æŠ•ç¨¿", "post"=>{"title"=>"ã¯ã˜ã‚ã¦ã®æŠ•ç¨¿", "content"=>"ã¯ã˜ã‚ã¦ã®æŠ•ç¨¿"}}
  [1m[36mTRANSACTION (0.1ms)[0m  [1m[36mbegin transaction[0m
  â†³ app/controllers/api/v1/posts_controller.rb:20:in `create'
  [1m[36mPost Create (3.2ms)[0m  [1m[32mINSERT INTO "posts" ("title", "content", "created_at", "updated_at") VALUES (?, ?, ?, ?) RETURNING "id"[0m  [["title", "ã¯ã˜ã‚ã¦ã®æŠ•ç¨¿"], ["content", "ã¯ã˜ã‚ã¦ã®æŠ•ç¨¿"], ["created_at", "2024-12-01 15:27:55.611509"], ["updated_at", "2024-12-01 15:27:55.611509"]]
  â†³ app/controllers/api/v1/posts_controller.rb:20:in `create'
  [1m[36mTRANSACTION (5.2ms)[0m  [1m[36mcommit transaction[0m
  â†³ app/controllers/api/v1/posts_controller.rb:20:in `create'
Completed 201 Created in 32ms (Views: 0.8ms | ActiveRecord: 10.7ms (1 query, 0 cached) | GC: 0.0ms)


